<?xml version="1.0" encoding="UTF-8"?>
<testsuite name="Bobcat.test.WikipediaTest" tests="1" skipped="0" failures="0" errors="0" timestamp="2019-05-21T14:18:26" hostname="DIN39000234" time="17.267">
  <properties/>
  <testcase name="wikipediaSearchTest()" classname="Bobcat.test.WikipediaTest" time="17.267"/>
  <system-out><![CDATA[]]></system-out>
  <system-err><![CDATA[Starting ChromeDriver 74.0.3729.6 (255758eccf3d244491b8a1317aa76e1ce10d57e9-refs/branch-heads/3729@{#29}) on port 33635
Only local connections are allowed.
Please protect ports used by ChromeDriver and related test frameworks to prevent access by malicious code.
May 21, 2019 7:48:26 PM org.openqa.selenium.remote.ProtocolHandshake createSession
INFO: Detected dialect: OSS
]]></system-err>
</testsuite>
